<?xml version="1.0" encoding="UTF-8"?>
<!-- Generated by org.testng.reporters.JUnitXMLReporter -->
<testsuite ignored="0" hostname="AlySayed" failures="0" tests="4" name="Surefire test" time="18.52" errors="0" timestamp="2026-04-14T17:16:07 AST">
  <testcase classname="tests.InventoryTest" name="verifyInventoryPage" time="0.274"/>
  <testcase classname="tests.LoginTest" name="invalidLoginTest" time="0.205"/>
  <testcase classname="tests.LoginTest" name="loginWithoutPassword" time="0.188"/>
  <testcase classname="tests.LoginTest" name="validLoginTest" time="0.246"/>
</testsuite> <!-- Surefire test -->
