<?xml version="1.0" encoding="UTF-8"?>
<testng-results ignored="0" total="4" passed="4" failed="0" skipped="0">
  <reporter-output>
  </reporter-output>
  <suite started-at="2026-04-14T17:15:48 AST" name="Surefire suite" finished-at="2026-04-14T17:16:07 AST" duration-ms="18520">
    <groups>
    </groups>
    <test started-at="2026-04-14T17:15:48 AST" name="Surefire test" finished-at="2026-04-14T17:16:07 AST" duration-ms="18520">
      <class name="tests.LoginTest">
        <test-method is-config="true" signature="setup()[pri:0, instance:tests.LoginTest@6d2a209c]" started-at="2026-04-14T17:15:54 AST" name="setup" finished-at="2026-04-14T17:15:58 AST" duration-ms="3820" status="PASS">
          <reporter-output>
          </reporter-output>
        </test-method> <!-- setup -->
        <test-method signature="invalidLoginTest()[pri:0, instance:tests.LoginTest@6d2a209c]" started-at="2026-04-14T17:15:58 AST" name="invalidLoginTest" finished-at="2026-04-14T17:15:58 AST" duration-ms="205" status="PASS">
          <reporter-output>
          </reporter-output>
        </test-method> <!-- invalidLoginTest -->
        <test-method is-config="true" signature="tearDown()[pri:0, instance:tests.LoginTest@6d2a209c]" started-at="2026-04-14T17:15:58 AST" name="tearDown" finished-at="2026-04-14T17:15:58 AST" duration-ms="148" status="PASS">
          <reporter-output>
          </reporter-output>
        </test-method> <!-- tearDown -->
        <test-method is-config="true" signature="setup()[pri:0, instance:tests.LoginTest@6d2a209c]" started-at="2026-04-14T17:15:58 AST" name="setup" finished-at="2026-04-14T17:16:02 AST" duration-ms="3822" status="PASS">
          <reporter-output>
          </reporter-output>
        </test-method> <!-- setup -->
        <test-method signature="loginWithoutPassword()[pri:0, instance:tests.LoginTest@6d2a209c]" started-at="2026-04-14T17:16:02 AST" name="loginWithoutPassword" finished-at="2026-04-14T17:16:02 AST" duration-ms="188" status="PASS">
          <reporter-output>
          </reporter-output>
        </test-method> <!-- loginWithoutPassword -->
        <test-method is-config="true" signature="tearDown()[pri:0, instance:tests.LoginTest@6d2a209c]" started-at="2026-04-14T17:16:02 AST" name="tearDown" finished-at="2026-04-14T17:16:02 AST" duration-ms="245" status="PASS">
          <reporter-output>
          </reporter-output>
        </test-method> <!-- tearDown -->
        <test-method is-config="true" signature="setup()[pri:0, instance:tests.LoginTest@6d2a209c]" started-at="2026-04-14T17:16:02 AST" name="setup" finished-at="2026-04-14T17:16:06 AST" duration-ms="3801" status="PASS">
          <reporter-output>
          </reporter-output>
        </test-method> <!-- setup -->
        <test-method signature="validLoginTest()[pri:0, instance:tests.LoginTest@6d2a209c]" started-at="2026-04-14T17:16:06 AST" name="validLoginTest" finished-at="2026-04-14T17:16:06 AST" duration-ms="246" status="PASS">
          <reporter-output>
          </reporter-output>
        </test-method> <!-- validLoginTest -->
        <test-method is-config="true" signature="tearDown()[pri:0, instance:tests.LoginTest@6d2a209c]" started-at="2026-04-14T17:16:06 AST" name="tearDown" finished-at="2026-04-14T17:16:07 AST" duration-ms="213" status="PASS">
          <reporter-output>
          </reporter-output>
        </test-method> <!-- tearDown -->
      </class> <!-- tests.LoginTest -->
      <class name="tests.InventoryTest">
        <test-method is-config="true" signature="setup()[pri:0, instance:tests.InventoryTest@5e316c74]" started-at="2026-04-14T17:15:48 AST" name="setup" finished-at="2026-04-14T17:15:53 AST" duration-ms="5364" status="PASS">
          <reporter-output>
          </reporter-output>
        </test-method> <!-- setup -->
        <test-method signature="verifyInventoryPage()[pri:0, instance:tests.InventoryTest@5e316c74]" started-at="2026-04-14T17:15:53 AST" name="verifyInventoryPage" finished-at="2026-04-14T17:15:54 AST" duration-ms="274" status="PASS">
          <reporter-output>
          </reporter-output>
        </test-method> <!-- verifyInventoryPage -->
        <test-method is-config="true" signature="tearDown()[pri:0, instance:tests.InventoryTest@5e316c74]" started-at="2026-04-14T17:15:54 AST" name="tearDown" finished-at="2026-04-14T17:15:54 AST" duration-ms="151" status="PASS">
          <reporter-output>
          </reporter-output>
        </test-method> <!-- tearDown -->
      </class> <!-- tests.InventoryTest -->
    </test> <!-- Surefire test -->
  </suite> <!-- Surefire suite -->
</testng-results>
