<?xml version="1.0" encoding="UTF-8"?>
<!-- Generated by org.testng.reporters.JUnitReportReporter -->
<testsuite hostname="AlySayed" failures="0" tests="3" name="tests.LoginTest" time="12.688" errors="0" timestamp="2026-04-14T17:16:07 AST" skipped="0">
  <testcase classname="tests.LoginTest" name="invalidLoginTest" time="4.251"/>
  <testcase classname="tests.LoginTest" name="validLoginTest" time="4.279"/>
  <testcase classname="tests.LoginTest" name="loginWithoutPassword" time="4.158"/>
</testsuite> <!-- tests.LoginTest -->
